Build started 2017/5/14 10:20:10.
     1>Project "D:\ProjectWork\Fish\cocos2d\cocos\2d\libcocos2d.vcxproj" on node 2 (Build target(s)).
     1>PreLinkEvent:
         if not exist "D:\ProjectWork\Fish\proj.win32\Debug.win32\" mkdir "D:\ProjectWork\Fish\proj.win32\Debug.win32\"
         xcopy /Y /Q "D:\ProjectWork\Fish\cocos2d\cocos\2d\..\..\external\freetype2\prebuilt\win32\*.*" "D:\ProjectWork\Fish\proj.win32\Debug.win32\"
         xcopy /Y /Q "D:\ProjectWork\Fish\cocos2d\cocos\2d\..\..\external\glfw3\prebuilt\win32\*.*" "D:\ProjectWork\Fish\proj.win32\Debug.win32\"
         xcopy /Y /Q "D:\ProjectWork\Fish\cocos2d\cocos\2d\..\..\external\curl\prebuilt\win32\*.*" "D:\ProjectWork\Fish\proj.win32\Debug.win32\"
         xcopy /Y /Q "D:\ProjectWork\Fish\cocos2d\cocos\2d\..\..\external\jpeg\prebuilt\win32\*.*" "D:\ProjectWork\Fish\proj.win32\Debug.win32\"
         xcopy /Y /Q "D:\ProjectWork\Fish\cocos2d\cocos\2d\..\..\external\png\prebuilt\win32\*.*" "D:\ProjectWork\Fish\proj.win32\Debug.win32\"
         xcopy /Y /Q "D:\ProjectWork\Fish\cocos2d\cocos\2d\..\..\external\tiff\prebuilt\win32\*.*" "D:\ProjectWork\Fish\proj.win32\Debug.win32\"
         xcopy /Y /Q "D:\ProjectWork\Fish\cocos2d\cocos\2d\..\..\external\webp\prebuilt\win32\*.*" "D:\ProjectWork\Fish\proj.win32\Debug.win32\"
         xcopy /Y /Q "D:\ProjectWork\Fish\cocos2d\cocos\2d\..\..\external\websockets\prebuilt\win32\*.*" "D:\ProjectWork\Fish\proj.win32\Debug.win32\"
         xcopy /Y /Q "D:\ProjectWork\Fish\cocos2d\cocos\2d\..\..\external\win32-specific\zlib\prebuilt\*.*" "D:\ProjectWork\Fish\proj.win32\Debug.win32\"
         xcopy /Y /Q "D:\ProjectWork\Fish\cocos2d\cocos\2d\..\..\external\win32-specific\icon\prebuilt\*.*" "D:\ProjectWork\Fish\proj.win32\Debug.win32\"
         xcopy /Y /Q "D:\ProjectWork\Fish\cocos2d\cocos\2d\..\..\external\win32-specific\gles\prebuilt\*.*" "D:\ProjectWork\Fish\proj.win32\Debug.win32\"
         xcopy /Y /Q "D:\ProjectWork\Fish\cocos2d\cocos\2d\..\..\external\win32-specific\OpenalSoft\prebuilt\*.*" "D:\ProjectWork\Fish\proj.win32\Debug.win32\"
         xcopy /Y /Q "D:\ProjectWork\Fish\cocos2d\cocos\2d\..\..\external\win32-specific\MP3Decoder\prebuilt\*.*" "D:\ProjectWork\Fish\proj.win32\Debug.win32\"
         xcopy /Y /Q "D:\ProjectWork\Fish\cocos2d\cocos\2d\..\..\external\win32-specific\OggDecoder\prebuilt\*.*" "D:\ProjectWork\Fish\proj.win32\Debug.win32\"
         xcopy /Y /Q "D:\ProjectWork\Fish\cocos2d\cocos\2d\..\..\external\sqlite3\libraries\win32\*.*" "D:\ProjectWork\Fish\proj.win32\Debug.win32\"
         xcopy /Y /Q "D:\ProjectWork\Fish\cocos2d\cocos\2d\..\..\external\chipmunk\prebuilt\win32\debug-lib\*.*" "D:\ProjectWork\Fish\proj.win32\Debug.win32\"
         :VCEnd
         复制了 1 个文件
         复制了 2 个文件
         复制了 4 个文件
         复制了 2 个文件
         复制了 2 个文件
         复制了 3 个文件
         复制了 1 个文件
         复制了 2 个文件
         复制了 2 个文件
         复制了 2 个文件
         复制了 2 个文件
         复制了 2 个文件
         复制了 2 个文件
         复制了 6 个文件
         复制了 2 个文件
         复制了 2 个文件
       Link:
         libcocos2d.vcxproj -> D:\ProjectWork\Fish\proj.win32\Debug.win32\libcocos2d.dll
     1>Done Building Project "D:\ProjectWork\Fish\cocos2d\cocos\2d\libcocos2d.vcxproj" (Build target(s)).

Build succeeded.

Time Elapsed 00:00:01.70
